\BOOKMARK [0][-]{chapter*.1}{Acknowledgments}{}% 1
\BOOKMARK [0][-]{chapter*.2}{Abstract}{}% 2
\BOOKMARK [0][-]{chapter*.4}{List of Figures}{}% 3
\BOOKMARK [0][-]{chapter*.5}{List of Tables}{}% 4
\BOOKMARK [0][-]{chapter.1}{Introduction}{}% 5
\BOOKMARK [0][-]{chapter.2}{Literature review / prior art}{}% 6
\BOOKMARK [0][-]{chapter.3}{Theory}{}% 7
\BOOKMARK [0][-]{chapter.4}{Methodology, procedure, design, etc.}{}% 8
\BOOKMARK [0][-]{chapter.5}{Results and discussion \203}{}% 9
\BOOKMARK [0][-]{chapter.6}{Conclusions}{}% 10
\BOOKMARK [1][-]{section.6.1}{Summary and conclusions}{chapter.6}% 11
\BOOKMARK [1][-]{section.6.2}{Possible future work}{chapter.6}% 12
\BOOKMARK [-1][-]{section.6.2}{Appendices}{}% 13
\BOOKMARK [0][-]{appendix.A}{Dummy appendix}{section.6.2}% 14
\BOOKMARK [0][-]{appendix.B}{Program listings}{section.6.2}% 15
\BOOKMARK [1][-]{section.B.1}{First program}{appendix.B}% 16
\BOOKMARK [1][-]{section.B.2}{Second program}{appendix.B}% 17
\BOOKMARK [1][-]{section.B.3}{Etc.}{appendix.B}% 18
\BOOKMARK [0][-]{appendix.C}{Companion disk}{section.6.2}% 19
\BOOKMARK [0][-]{appendix*.6}{Annotated Bibliography}{section.6.2}% 20
